<?xml version="1.0" encoding="UTF-8"?>
<beans xmlns="http://www.springframework.org/schema/beans"
	xmlns:util="http://www.springframework.org/schema/util" xmlns:context="http://www.springframework.org/schema/context"
	xmlns:xsi="http://www.w3.org/2001/XMLSchema-instance" xmlns:aop="http://www.springframework.org/schema/aop"
	xsi:schemaLocation="http://www.springframework.org/schema/beans http://www.springframework.org/schema/beans/spring-beans-3.0.xsd
http://www.springframework.org/schema/util http://www.springframework.org/schema/util/spring-util-3.0.xsd
http://www.springframework.org/schema/context http://www.springframework.org/schema/context/spring-context-3.0.xsd"
	default-autowire="byName">

	<context:property-placeholder
		location="classpath:/config/spring-context.properties,/test-spring-context.properties"
		ignore-unresolvable="true" ignore-resource-not-found="true" />
	
	<bean name="marketValuePooledFactory" class="com.blogspot.denizstij.paw.common.datasource.pool.MarketValuePooledFactory" />
	<bean name="marketValuePooledPool" class="org.apache.commons.pool2.impl.GenericObjectPool" scope="singleton" >
		<constructor-arg ref="marketValuePooledFactory"/>
		<property name="blockWhenExhausted" value="false" />		
		<property name="maxTotal" value="-1" />
		<property name="lifo" value="false" />
		<property name="timeBetweenEvictionRunsMillis" value="600000" />
	</bean>

	<bean name="marketValueFactory" class="com.blogspot.denizstij.paw.common.datasource.pool.MarketValueFactory" scope="singleton" >		
		<property name="pool" >
			<ref bean="marketValuePooledPool" />
		</property>		
	</bean>
		
	<util:set id="orionInstrumentSet">
				<value>AAA</value>
				<value>BBB</value>
				<value>CCC</value>
				<value>DDD</value>
				<value>EEE</value>
				<value>FFF</value>
	</util:set>
	<util:set id="polarisInstrumentSet">
				<value>AAA</value>
				<value>BBB</value>
				<value>CCC</value>
				<value>GGG</value>
				<value>HHH</value>
				<value>III</value>
				<value>JJJ</value>
	</util:set>

	<bean name="orionRandomMarketValueDataSource" class="com.blogspot.denizstij.paw.provider.datasource.RandomMarketValueDataSource" >		
		<property name="marketValueFactory" >
			<ref bean="marketValueFactory" />
		</property>		
		<property name="instrumentSet">
			<ref local="orionInstrumentSet"/>
		</property>
	</bean>		


	<bean name="polarisRandomMarketValueDataSource" class="com.blogspot.denizstij.paw.provider.datasource.RandomMarketValueDataSource" >		
		<property name="marketValueFactory" >
			<ref bean="marketValueFactory" />
		</property>		
		<property name="instrumentSet">
			<ref local="polarisInstrumentSet"/>
		</property>
		<property name="valueOffset">
			<value>${valueOffset}</value>			
		</property>
		<property name="valueRangeLength">
			<value>${valueRangeLength}</value>			
		</property>
	</bean>	
</beans>
